# JRE version: 7.0_09-b30
# Java VM: OpenJDK Server VM (23.2-b09 mixed mode linux-x86 )
Heap
 PSYoungGen      total 436736K, used 237497K [0x93b00000, 0xb3300000, 0xb3300000)
  eden space 365568K, 48% used [0x93b00000,0x9e7d1820,0xaa000000)
  from space 71168K, 85% used [0xaed80000,0xb289cc78,0xb3300000)
  to   space 75264K, 0% used [0xaa000000,0xaa000000,0xae980000)
 ParOldGen       total 261760K, used 193790K [0x54b00000, 0x64aa0000, 0x93b00000)
  object space 261760K, 74% used [0x54b00000,0x6083fb40,0x64aa0000)
 PSPermGen       total 131072K, used 24447K [0x4cb00000, 0x54b00000, 0x54b00000)
  object space 131072K, 18% used [0x4cb00000,0x4e2dfe90,0x54b00000)
GC Heap History (10 events):
Event: 212,540 GC heap before
{Heap before GC invocations=15 (full 1):
 PSYoungGen      total 427648K, used 351296K [0x93b00000, 0xb3300000, 0xb3300000)
  eden space 351296K, 100% used [0x93b00000,0xa9210000,0xa9210000)
  from space 76352K, 0% used [0xa9210000,0xa9210000,0xadca0000)
  to   space 73152K, 0% used [0xaeb90000,0xaeb90000,0xb3300000)
 ParOldGen       total 261760K, used 146028K [0x54b00000, 0x64aa0000, 0x93b00000)
  object space 261760K, 55% used [0x54b00000,0x5d99b390,0x64aa0000)
 PSPermGen       total 131072K, used 23664K [0x4cb00000, 0x54b00000, 0x54b00000)
  object space 131072K, 18% used [0x4cb00000,0x4e21c078,0x54b00000)
Event: 212,803 GC heap after
Heap after GC invocations=15 (full 1):
 PSYoungGen      total 430784K, used 36033K [0x93b00000, 0xb2a40000, 0xb3300000)
  eden space 366592K, 0% used [0x93b00000,0x93b00000,0xaa100000)
  from space 64192K, 56% used [0xaeb90000,0xb0ec05c8,0xb2a40000)
  to   space 70272K, 0% used [0xaa100000,0xaa100000,0xae5a0000)
 ParOldGen       total 261760K, used 146028K [0x54b00000, 0x64aa0000, 0x93b00000)
  object space 261760K, 55% used [0x54b00000,0x5d99b390,0x64aa0000)
 PSPermGen       total 131072K, used 23664K [0x4cb00000, 0x54b00000, 0x54b00000)
  object space 131072K, 18% used [0x4cb00000,0x4e21c078,0x54b00000)
}
Event: 227,497 GC heap before
{Heap before GC invocations=16 (full 1):
 PSYoungGen      total 430784K, used 402625K [0x93b00000, 0xb2a40000, 0xb3300000)
  eden space 366592K, 100% used [0x93b00000,0xaa100000,0xaa100000)
  from space 64192K, 56% used [0xaeb90000,0xb0ec05c8,0xb2a40000)
  to   space 70272K, 0% used [0xaa100000,0xaa100000,0xae5a0000)
 ParOldGen       total 261760K, used 146028K [0x54b00000, 0x64aa0000, 0x93b00000)
  object space 261760K, 55% used [0x54b00000,0x5d99b390,0x64aa0000)
 PSPermGen       total 131072K, used 24100K [0x4cb00000, 0x54b00000, 0x54b00000)
  object space 131072K, 18% used [0x4cb00000,0x4e289250,0x54b00000)
Event: 227,668 GC heap after
Heap after GC invocations=16 (full 1):
 PSYoungGen      total 436864K, used 43932K [0x93b00000, 0xb3300000, 0xb3300000)
  eden space 366592K, 0% used [0x93b00000,0x93b00000,0xaa100000)
  from space 70272K, 62% used [0xaa100000,0xacbe7350,0xae5a0000)
  to   space 69056K, 0% used [0xaef90000,0xaef90000,0xb3300000)
 ParOldGen       total 261760K, used 149167K [0x54b00000, 0x64aa0000, 0x93b00000)
  object space 261760K, 56% used [0x54b00000,0x5dcabe80,0x64aa0000)
 PSPermGen       total 131072K, used 24100K [0x4cb00000, 0x54b00000, 0x54b00000)
  object space 131072K, 18% used [0x4cb00000,0x4e289250,0x54b00000)
}
Event: 238,495 GC heap before
{Heap before GC invocations=17 (full 1):
 PSYoungGen      total 436864K, used 410524K [0x93b00000, 0xb3300000, 0xb3300000)
  eden space 366592K, 100% used [0x93b00000,0xaa100000,0xaa100000)
  from space 70272K, 62% used [0xaa100000,0xacbe7350,0xae5a0000)
  to   space 69056K, 0% used [0xaef90000,0xaef90000,0xb3300000)
 ParOldGen       total 261760K, used 149167K [0x54b00000, 0x64aa0000, 0x93b00000)
  object space 261760K, 56% used [0x54b00000,0x5dcabe80,0x64aa0000)
 PSPermGen       total 131072K, used 24181K [0x4cb00000, 0x54b00000, 0x54b00000)
  object space 131072K, 18% used [0x4cb00000,0x4e29d428,0x54b00000)
Event: 238,634 GC heap after
Heap after GC invocations=17 (full 1):
 PSYoungGen      total 441152K, used 42789K [0x93b00000, 0xb2e70000, 0xb3300000)
  eden space 376768K, 0% used [0x93b00000,0x93b00000,0xaaaf0000)
  from space 64384K, 66% used [0xaef90000,0xb19596d0,0xb2e70000)
  to   space 67328K, 0% used [0xaaaf0000,0xaaaf0000,0xaecb0000)
 ParOldGen       total 261760K, used 154906K [0x54b00000, 0x64aa0000, 0x93b00000)
  object space 261760K, 59% used [0x54b00000,0x5e2468b0,0x64aa0000)
 PSPermGen       total 131072K, used 24181K [0x4cb00000, 0x54b00000, 0x54b00000)
  object space 131072K, 18% used [0x4cb00000,0x4e29d428,0x54b00000)
}
Event: 267,947 GC heap before
{Heap before GC invocations=18 (full 1):
 PSYoungGen      total 441152K, used 419557K [0x93b00000, 0xb2e70000, 0xb3300000)
  eden space 376768K, 100% used [0x93b00000,0xaaaf0000,0xaaaf0000)
  from space 64384K, 66% used [0xaef90000,0xb19596d0,0xb2e70000)
  to   space 67328K, 0% used [0xaaaf0000,0xaaaf0000,0xaecb0000)
 ParOldGen       total 261760K, used 154906K [0x54b00000, 0x64aa0000, 0x93b00000)
  object space 261760K, 59% used [0x54b00000,0x5e2468b0,0x64aa0000)
 PSPermGen       total 131072K, used 24271K [0x4cb00000, 0x54b00000, 0x54b00000)
  object space 131072K, 18% used [0x4cb00000,0x4e2b3d00,0x54b00000)
Event: 269,830 GC heap after
Heap after GC invocations=18 (full 1):
 PSYoungGen      total 444096K, used 57413K [0x93b00000, 0xb3300000, 0xb3300000)
  eden space 376768K, 0% used [0x93b00000,0x93b00000,0xaaaf0000)
  from space 67328K, 85% used [0xaaaf0000,0xae301620,0xaecb0000)
  to   space 71168K, 0% used [0xaed80000,0xaed80000,0xb3300000)
 ParOldGen       total 261760K, used 185583K [0x54b00000, 0x64aa0000, 0x93b00000)
  object space 261760K, 70% used [0x54b00000,0x6003bc70,0x64aa0000)
 PSPermGen       total 131072K, used 24271K [0x4cb00000, 0x54b00000, 0x54b00000)
  object space 131072K, 18% used [0x4cb00000,0x4e2b3d00,0x54b00000)
}
Event: 278,236 GC heap before
{Heap before GC invocations=19 (full 1):
 PSYoungGen      total 444096K, used 434181K [0x93b00000, 0xb3300000, 0xb3300000)
  eden space 376768K, 100% used [0x93b00000,0xaaaf0000,0xaaaf0000)
  from space 67328K, 85% used [0xaaaf0000,0xae301620,0xaecb0000)
  to   space 71168K, 0% used [0xaed80000,0xaed80000,0xb3300000)
 ParOldGen       total 261760K, used 185583K [0x54b00000, 0x64aa0000, 0x93b00000)
  object space 261760K, 70% used [0x54b00000,0x6003bc70,0x64aa0000)
 PSPermGen       total 131072K, used 24273K [0x4cb00000, 0x54b00000, 0x54b00000)
  object space 131072K, 18% used [0x4cb00000,0x4e2b46c8,0x54b00000)
Event: 278,641 GC heap after
Heap after GC invocations=19 (full 1):
 PSYoungGen      total 436736K, used 60531K [0x93b00000, 0xb3300000, 0xb3300000)
  eden space 365568K, 0% used [0x93b00000,0x93b00000,0xaa000000)
  from space 71168K, 85% used [0xaed80000,0xb289cc78,0xb3300000)
  to   space 75264K, 0% used [0xaa000000,0xaa000000,0xae980000)
 ParOldGen       total 261760K, used 193790K [0x54b00000, 0x64aa0000, 0x93b00000)
  object space 261760K, 74% used [0x54b00000,0x6083fb40,0x64aa0000)
 PSPermGen       total 131072K, used 24273K [0x4cb00000, 0x54b00000, 0x54b00000)
  object space 131072K, 18% used [0x4cb00000,0x4e2b46c8,0x54b00000)
}

